e:\uni\real time collision detection\group4project\group4project\debug\vc141.pdb
e:\uni\real time collision detection\group4project\group4project\debug\vc141.idb
e:\uni\real time collision detection\group4project\group4project\debug\aabb.obj
e:\uni\real time collision detection\group4project\group4project\debug\ball.obj
e:\uni\real time collision detection\group4project\group4project\debug\gamewindow.obj
e:\uni\real time collision detection\group4project\group4project\debug\line.obj
e:\uni\real time collision detection\group4project\group4project\debug\obb.obj
e:\uni\real time collision detection\group4project\group4project\debug\timer.obj
e:\uni\real time collision detection\group4project\group4project\debug\transform.obj
e:\uni\real time collision detection\group4project\group4project\debug\game.obj
e:\uni\real time collision detection\group4project\group4project\debug\main.obj
e:\uni\real time collision detection\group4project\group4project\debug\paddle.obj
e:\uni\real time collision detection\group4project\group4project\debug\random.obj
f:\uni\real time collision detection\group4project\group4project\debug\vc141.pdb
f:\uni\real time collision detection\group4project\group4project\debug\vc141.idb
f:\uni\real time collision detection\group4project\group4project\debug\aabb.obj
f:\uni\real time collision detection\group4project\group4project\debug\ball.obj
f:\uni\real time collision detection\group4project\group4project\debug\game.obj
f:\uni\real time collision detection\group4project\group4project\debug\gamewindow.obj
f:\uni\real time collision detection\group4project\group4project\debug\line.obj
f:\uni\real time collision detection\group4project\group4project\debug\main.obj
f:\uni\real time collision detection\group4project\group4project\debug\obb.obj
f:\uni\real time collision detection\group4project\group4project\debug\paddle.obj
f:\uni\real time collision detection\group4project\group4project\debug\timer.obj
f:\uni\real time collision detection\group4project\group4project\debug\transform.obj
e:\uni\real time collision detection\group4project\debug\group4project.ilk
e:\uni\real time collision detection\group4project\debug\group4project.exe
e:\uni\real time collision detection\group4project\debug\group4project.pdb
f:\uni\real time collision detection\group4project\debug\group4project.ilk
f:\uni\real time collision detection\group4project\debug\group4project.exe
f:\uni\real time collision detection\group4project\debug\group4project.pdb
f:\uni\real time collision detection\group4project\group4project\debug\random.obj
f:\uni\real time collision detection\group4project\group4project\debug\group4project.tlog\cl.command.1.tlog
f:\uni\real time collision detection\group4project\group4project\debug\group4project.tlog\cl.read.1.tlog
f:\uni\real time collision detection\group4project\group4project\debug\group4project.tlog\cl.write.1.tlog
f:\uni\real time collision detection\group4project\group4project\debug\group4project.tlog\link.command.1.tlog
f:\uni\real time collision detection\group4project\group4project\debug\group4project.tlog\link.read.1.tlog
f:\uni\real time collision detection\group4project\group4project\debug\group4project.tlog\link.write.1.tlog
